# JRE version: OpenJDK Runtime Environment (21.0.8) (build 21.0.8+-14196175-b1038.72)
# Java VM: OpenJDK 64-Bit Server VM (21.0.8+-14196175-b1038.72, mixed mode, tiered, compressed oops, compressed class ptrs, g1 gc, windows-amd64)
GC Precious Log:
 CardTable entry size: 512
 Card Set container configuration: InlinePtr #cards 5 size 8 Array Of Cards #cards 12 size 40 Howl #buckets 4 coarsen threshold 1843 Howl Bitmap #cards 512 size 80 coarsen threshold 460 Card regions per heap region 1 cards per card region 2048
 CPUs: 16 total, 16 available
 Memory: 15631M
 Large Page Support: Disabled
 NUMA Support: Disabled
 Compressed Oops: Enabled (32-bit)
 Heap Region Size: 1M
 Heap Min Capacity: 8M
 Heap Initial Capacity: 246M
 Heap Max Capacity: 2G
 Pre-touch: Disabled
 Parallel Workers: 13
 Concurrent Workers: 3
 Concurrent Refinement Workers: 13
 Periodic GC: Disabled
Heap:
 garbage-first heap   total 484352K, used 449959K [0x0000000080000000, 0x0000000100000000)
  region size 1024K, 208 young (212992K), 21 survivors (21504K)
 Metaspace       used 227619K, committed 230656K, reserved 1310720K
  class space    used 31894K, committed 33344K, reserved 1048576K
GC Heap History (20 events):
Event: 21.768 GC heap after
{Heap after GC invocations=52 (full 0):
 garbage-first heap   total 372736K, used 215040K [0x0000000080000000, 0x0000000100000000)
  region size 1024K, 8 young (8192K), 8 survivors (8192K)
 Metaspace       used 157145K, committed 159616K, reserved 1245184K
  class space    used 21476K, committed 22720K, reserved 1048576K
}
Event: 21.958 GC heap before
{Heap before GC invocations=52 (full 0):
 garbage-first heap   total 372736K, used 286720K [0x0000000080000000, 0x0000000100000000)
  region size 1024K, 77 young (78848K), 8 survivors (8192K)
 Metaspace       used 158251K, committed 160768K, reserved 1245184K
  class space    used 21589K, committed 22848K, reserved 1048576K
}
Event: 21.969 GC heap after
{Heap after GC invocations=53 (full 0):
 garbage-first heap   total 372736K, used 268800K [0x0000000080000000, 0x0000000100000000)
  region size 1024K, 10 young (10240K), 10 survivors (10240K)
 Metaspace       used 158251K, committed 160768K, reserved 1245184K
  class space    used 21589K, committed 22848K, reserved 1048576K
}
Event: 22.022 GC heap before
{Heap before GC invocations=53 (full 0):
 garbage-first heap   total 372736K, used 308736K [0x0000000080000000, 0x0000000100000000)
  region size 1024K, 49 young (50176K), 10 survivors (10240K)
 Metaspace       used 158278K, committed 160768K, reserved 1245184K
  class space    used 21589K, committed 22848K, reserved 1048576K
}
Event: 22.030 GC heap after
{Heap after GC invocations=54 (full 0):
 garbage-first heap   total 372736K, used 308224K [0x0000000080000000, 0x0000000100000000)
  region size 1024K, 7 young (7168K), 7 survivors (7168K)
 Metaspace       used 158278K, committed 160768K, reserved 1245184K
  class space    used 21589K, committed 22848K, reserved 1048576K
}
Event: 22.080 GC heap before
{Heap before GC invocations=54 (full 0):
 garbage-first heap   total 372736K, used 329728K [0x0000000080000000, 0x0000000100000000)
  region size 1024K, 28 young (28672K), 7 survivors (7168K)
 Metaspace       used 158314K, committed 160832K, reserved 1245184K
  class space    used 21591K, committed 22848K, reserved 1048576K
}
Event: 22.084 GC heap after
{Heap after GC invocations=55 (full 0):
 garbage-first heap   total 372736K, used 320512K [0x0000000080000000, 0x0000000100000000)
  region size 1024K, 4 young (4096K), 4 survivors (4096K)
 Metaspace       used 158314K, committed 160832K, reserved 1245184K
  class space    used 21591K, committed 22848K, reserved 1048576K
}
Event: 22.374 GC heap before
{Heap before GC invocations=56 (full 0):
 garbage-first heap   total 475136K, used 303104K [0x0000000080000000, 0x0000000100000000)
  region size 1024K, 23 young (23552K), 4 survivors (4096K)
 Metaspace       used 159935K, committed 162432K, reserved 1245184K
  class space    used 21791K, committed 23040K, reserved 1048576K
}
Event: 22.378 GC heap after
{Heap after GC invocations=57 (full 0):
 garbage-first heap   total 475136K, used 290382K [0x0000000080000000, 0x0000000100000000)
  region size 1024K, 3 young (3072K), 3 survivors (3072K)
 Metaspace       used 159935K, committed 162432K, reserved 1245184K
  class space    used 21791K, committed 23040K, reserved 1048576K
}
Event: 22.913 GC heap before
{Heap before GC invocations=57 (full 0):
 garbage-first heap   total 475136K, used 375374K [0x0000000080000000, 0x0000000100000000)
  region size 1024K, 87 young (89088K), 3 survivors (3072K)
 Metaspace       used 163845K, committed 166400K, reserved 1245184K
  class space    used 22400K, committed 23680K, reserved 1048576K
}
Event: 22.918 GC heap after
{Heap after GC invocations=58 (full 0):
 garbage-first heap   total 475136K, used 286081K [0x0000000080000000, 0x0000000100000000)
  region size 1024K, 11 young (11264K), 11 survivors (11264K)
 Metaspace       used 163845K, committed 166400K, reserved 1245184K
  class space    used 22400K, committed 23680K, reserved 1048576K
}
Event: 23.486 GC heap before
{Heap before GC invocations=58 (full 0):
 garbage-first heap   total 475136K, used 376193K [0x0000000080000000, 0x0000000100000000)
  region size 1024K, 100 young (102400K), 11 survivors (11264K)
 Metaspace       used 176317K, committed 178880K, reserved 1245184K
  class space    used 24747K, committed 25984K, reserved 1048576K
}
Event: 23.491 GC heap after
{Heap after GC invocations=59 (full 0):
 garbage-first heap   total 475136K, used 291759K [0x0000000080000000, 0x0000000100000000)
  region size 1024K, 5 young (5120K), 5 survivors (5120K)
 Metaspace       used 176317K, committed 178880K, reserved 1245184K
  class space    used 24747K, committed 25984K, reserved 1048576K
}
Event: 23.757 GC heap before
{Heap before GC invocations=60 (full 0):
 garbage-first heap   total 475136K, used 321455K [0x0000000080000000, 0x0000000100000000)
  region size 1024K, 115 young (117760K), 5 survivors (5120K)
 Metaspace       used 181248K, committed 183872K, reserved 1245184K
  class space    used 25441K, committed 26752K, reserved 1048576K
}
Event: 23.760 GC heap after
{Heap after GC invocations=61 (full 0):
 garbage-first heap   total 475136K, used 209920K [0x0000000080000000, 0x0000000100000000)
  region size 1024K, 5 young (5120K), 5 survivors (5120K)
 Metaspace       used 181248K, committed 183872K, reserved 1245184K
  class space    used 25441K, committed 26752K, reserved 1048576K
}
Event: 797.685 GC heap before
{Heap before GC invocations=61 (full 0):
 garbage-first heap   total 475136K, used 462848K [0x0000000080000000, 0x0000000100000000)
  region size 1024K, 197 young (201728K), 5 survivors (5120K)
 Metaspace       used 189950K, committed 192640K, reserved 1245184K
  class space    used 26903K, committed 28224K, reserved 1048576K
}
Event: 797.691 GC heap after
{Heap after GC invocations=62 (full 0):
 garbage-first heap   total 484352K, used 236144K [0x0000000080000000, 0x0000000100000000)
  region size 1024K, 16 young (16384K), 16 survivors (16384K)
 Metaspace       used 189950K, committed 192640K, reserved 1245184K
  class space    used 26903K, committed 28224K, reserved 1048576K
}
Event: 799.107 GC heap before
{Heap before GC invocations=62 (full 0):
 garbage-first heap   total 484352K, used 388720K [0x0000000080000000, 0x0000000100000000)
  region size 1024K, 166 young (169984K), 16 survivors (16384K)
 Metaspace       used 208509K, committed 211200K, reserved 1245184K
  class space    used 29659K, committed 30976K, reserved 1048576K
}
Event: 799.115 GC heap after
{Heap after GC invocations=63 (full 0):
 garbage-first heap   total 484352K, used 243111K [0x0000000080000000, 0x0000000100000000)
  region size 1024K, 20 young (20480K), 20 survivors (20480K)
 Metaspace       used 208509K, committed 211200K, reserved 1245184K
  class space    used 29659K, committed 30976K, reserved 1048576K
}
Event: 801.573 GC heap before
{Heap before GC invocations=64 (full 0):
 garbage-first heap   total 484352K, used 449959K [0x0000000080000000, 0x0000000100000000)
  region size 1024K, 207 young (211968K), 20 survivors (20480K)
 Metaspace       used 227619K, committed 230656K, reserved 1310720K
  class space    used 31894K, committed 33344K, reserved 1048576K
}

